c:\dev\hawkglrender\hawkglrender\debug\vc141.pdb
c:\dev\hawkglrender\hawkglrender\debug\vc141.idb
c:\dev\hawkglrender\hawkglrender\debug\glad.obj
c:\dev\hawkglrender\hawkglrender\debug\stb_image.obj
c:\dev\hawkglrender\hawkglrender\debug\entrance.obj
c:\dev\hawkglrender\hawkglrender\debug\glstupidcube.obj
c:\dev\hawkglrender\debug\hawkglrender.pdb
c:\dev\hawkglrender\hawkglrender\debug\hawkglrender.tlog\cl.command.1.tlog
c:\dev\hawkglrender\hawkglrender\debug\hawkglrender.tlog\cl.read.1.tlog
c:\dev\hawkglrender\hawkglrender\debug\hawkglrender.tlog\cl.write.1.tlog
c:\dev\hawkglrender\hawkglrender\debug\hawkglrender.tlog\link-cvtres.read.1.tlog
c:\dev\hawkglrender\hawkglrender\debug\hawkglrender.tlog\link-cvtres.write.1.tlog
c:\dev\hawkglrender\hawkglrender\debug\hawkglrender.tlog\link-rc.read.1.tlog
c:\dev\hawkglrender\hawkglrender\debug\hawkglrender.tlog\link-rc.write.1.tlog
c:\dev\hawkglrender\hawkglrender\debug\hawkglrender.tlog\link.10772-cvtres.read.1.tlog
c:\dev\hawkglrender\hawkglrender\debug\hawkglrender.tlog\link.10772-cvtres.write.1.tlog
c:\dev\hawkglrender\hawkglrender\debug\hawkglrender.tlog\link.10772-rc.read.1.tlog
c:\dev\hawkglrender\hawkglrender\debug\hawkglrender.tlog\link.10772-rc.write.1.tlog
c:\dev\hawkglrender\hawkglrender\debug\hawkglrender.tlog\link.10772.read.1.tlog
c:\dev\hawkglrender\hawkglrender\debug\hawkglrender.tlog\link.10772.write.1.tlog
c:\dev\hawkglrender\hawkglrender\debug\hawkglrender.tlog\link.command.1.tlog
c:\dev\hawkglrender\hawkglrender\debug\hawkglrender.tlog\link.read.1.tlog
c:\dev\hawkglrender\hawkglrender\debug\hawkglrender.tlog\link.write.1.tlog
